<?xml version="1.0" encoding="UTF-8"?>
<!-- Generated by org.testng.reporters.JUnitReportReporter -->
<testsuite skipped="0" hostname="ICT-80" name="testcases.Tc0018_ForgotPassword_VZ_VerificationCode" tests="1" failures="0" timestamp="2020-03-12T15:42:38 IST" time="180.424" errors="0">
  <testcase name="loginPositivecase" time="180.424" classname="testcases.Tc0018_ForgotPassword_VZ_VerificationCode"/>
  <system-out/>
</testsuite> <!-- testcases.Tc0018_ForgotPassword_VZ_VerificationCode -->
