<?xml version="1.0" encoding="UTF-8"?>
<!-- Generated by org.testng.reporters.JUnitReportReporter -->
<testsuite skipped="0" hostname="ICT-80" name="testcases.Tc004_Enrollment" tests="1" failures="0" timestamp="2020-03-11T09:32:40 IST" time="464.999" errors="0">
  <testcase name="enrollmentCancel" time="464.999" classname="testcases.Tc004_Enrollment"/>
  <system-out/>
</testsuite> <!-- testcases.Tc004_Enrollment -->
