<?xml version="1.0" encoding="UTF-8"?>
<!-- Generated by org.testng.reporters.JUnitReportReporter -->
<testsuite skipped="0" hostname="ICT-80" name="testcases.Tc0016_ForgotPassword_PZ_VerificationCode" tests="1" failures="0" timestamp="2020-03-12T15:08:37 IST" time="175.322" errors="0">
  <testcase name="loginPositivecase" time="175.322" classname="testcases.Tc0016_ForgotPassword_PZ_VerificationCode"/>
  <system-out/>
</testsuite> <!-- testcases.Tc0016_ForgotPassword_PZ_VerificationCode -->
