<?xml version="1.0" encoding="UTF-8"?>
<!-- Generated by org.testng.reporters.JUnitReportReporter -->
<testsuite skipped="0" hostname="ICT-80" name="testcases.Tc001_Login_Positive_Cases" tests="1" failures="0" timestamp="2020-03-02T17:16:17 IST" time="76.379" errors="0">
  <testcase name="loginPositivecase" time="76.379" classname="testcases.Tc001_Login_Positive_Cases"/>
</testsuite> <!-- testcases.Tc001_Login_Positive_Cases -->
