<?xml version="1.0" encoding="UTF-8"?>
<!-- Generated by org.testng.reporters.JUnitReportReporter -->
<testsuite skipped="0" hostname="ICT-80" name="testcases.Tc0017_ForgotPassword_TemporaryPasswd" tests="1" failures="0" timestamp="2020-03-12T15:01:06 IST" time="137.731" errors="0">
  <testcase name="loginPositivecase" time="137.731" classname="testcases.Tc0017_ForgotPassword_TemporaryPasswd"/>
  <system-out/>
</testsuite> <!-- testcases.Tc0017_ForgotPassword_TemporaryPasswd -->
