<?xml version="1.0" encoding="UTF-8"?>
<!-- Generated by org.testng.reporters.JUnitReportReporter -->
<testsuite skipped="0" hostname="ICT-80" name="testcases.Tc0013_LoginPage_FromAll_Pages" tests="1" failures="0" timestamp="2020-03-10T11:51:18 IST" time="329.223" errors="0">
  <testcase name="loginPositivecase" time="329.223" classname="testcases.Tc0013_LoginPage_FromAll_Pages"/>
</testsuite> <!-- testcases.Tc0013_LoginPage_FromAll_Pages -->
